\BOOKMARK [0][-]{chapter.1}{\376\377\000M\000a\000t\000h\000e\000m\000a\000t\000i\000c\000a\000l\000\040\000I\000n\000t\000r\000o\000d\000u\000c\000t\000i\000o\000n}{}% 1
\BOOKMARK [1][-]{section.1.1}{\376\377\000A\000l\000g\000o\000r\000i\000t\000h\000m\000i\000c\000\040\000s\000t\000r\000u\000c\000t\000u\000r\000e\000\040\000\050\000C\000h\000o\000l\000e\000s\000k\000y\040\023\000B\000a\000n\000a\000c\000h\000i\000e\000w\000i\000c\000z\000\051}{chapter.1}% 2
\BOOKMARK [1][-]{section.1.2}{\376\377\000C\000a\000l\000c\000u\000l\000a\000t\000i\000o\000n\000\040\000o\000f\000\040\000f\000l\000o\000a\000t\000i\000n\000g\000\040\000p\000o\000i\000n\000t\000\040\000o\000p\000e\000r\000a\000t\000i\000o\000n\000s}{chapter.1}% 3
\BOOKMARK [1][-]{section.1.3}{\376\377\000L\000o\000g\000a\000r\000i\000t\000h\000m\000\040\000o\000f\000\040\000t\000h\000e\000\040\000d\000e\000t\000e\000r\000m\000i\000n\000a\000n\000t}{chapter.1}% 4
\BOOKMARK [0][-]{chapter.2}{\376\377\000I\000m\000p\000l\000e\000m\000e\000n\000t\000a\000t\000i\000o\000n}{}% 5
\BOOKMARK [1][-]{section.2.1}{\376\377\000V\000e\000r\000s\000i\000o\000n\000\040\0000\000:\000\040\000S\000e\000r\000i\000a\000l\000\040\000b\000a\000s\000e\000l\000i\000n\000e}{chapter.2}% 6
\BOOKMARK [1][-]{section.2.2}{\376\377\000V\000e\000r\000s\000i\000o\000n\000\040\0001\000:\000\040\000S\000e\000r\000i\000a\000l\000\040\000o\000p\000t\000i\000m\000i\000s\000e\000d}{chapter.2}% 7
\BOOKMARK [2][-]{subsection.2.2.1}{\376\377\000O\000P\000T\000-\0001\000:\000\040\000R\000e\000a\000r\000r\000a\000n\000g\000i\000n\000g\000\040\000t\000h\000e\000\040\000o\000r\000d\000e\000r\000\040\000o\000f\000\040\000l\000o\000o\000p\000s}{section.2.2}% 8
\BOOKMARK [2][-]{subsection.2.2.2}{\376\377\000O\000P\000T\000-\0002\000:\000\040\000H\000o\000i\000s\000t\000i\000n\000g\000\040\000p\000n\000\040\000a\000n\000d\000\040\000r\000o\000w\000\040\000p\000o\000i\000n\000t\000e\000r\000s}{section.2.2}% 9
\BOOKMARK [2][-]{subsection.2.2.3}{\376\377\000O\000P\000T\000-\0003\000:\000\040\000R\000e\000p\000l\000a\000c\000i\000n\000g\000\040\000d\000i\000v\000i\000s\000i\000o\000n\000\040\000w\000i\000t\000h\000\040\000m\000u\000l\000t\000i\000p\000l\000i\000c\000a\000t\000i\000o\000n}{section.2.2}% 10
\BOOKMARK [2][-]{subsection.2.2.4}{\376\377\000O\000P\000T\000-\0004\000:\000\040\000H\000o\000i\000s\000t\000i\000n\000g\000\040\000L\000i\000p}{section.2.2}% 11
\BOOKMARK [2][-]{subsection.2.2.5}{\376\377\000O\000P\000T\000-\0005\000:\000\040\0004\000-\000w\000i\000d\000e\000\040\000i\000-\000u\000n\000r\000o\000l\000l\000i\000n\000g}{section.2.2}% 12
\BOOKMARK [1][-]{section.2.3}{\376\377\000V\000e\000r\000s\000i\000o\000n\000\040\0002\000:\000\040\000O\000p\000e\000n\000M\000P\000\040\000p\000a\000r\000a\000l\000l\000e\000l}{chapter.2}% 13
\BOOKMARK [2][-]{subsection.2.3.1}{\376\377\000A\000n\000a\000l\000y\000s\000i\000s\000\040\000o\000f\000\040\000p\000a\000r\000a\000l\000l\000e\000l\000i\000s\000a\000t\000i\000o\000n\000\040\000a\000n\000d\000\040\000d\000e\000p\000e\000n\000d\000e\000n\000c\000i\000e\000s}{section.2.3}% 14
\BOOKMARK [2][-]{subsection.2.3.2}{\376\377\000O\000n\000e\000\040\000p\000e\000r\000s\000i\000s\000t\000e\000n\000t\000\040\000p\000a\000r\000a\000l\000l\000e\000l\000\040\000r\000e\000g\000i\000o\000n}{section.2.3}% 15
\BOOKMARK [2][-]{subsection.2.3.3}{\376\377\000O\000p\000e\000n\000M\000P\000\040\000c\000o\000n\000s\000t\000r\000u\000c\000t\000i\000o\000n\000s}{section.2.3}% 16
\BOOKMARK [2][-]{subsection.2.3.4}{\376\377\000P\000r\000o\000o\000f\000\040\000o\000f\000\040\000t\000h\000e\000\040\000a\000b\000s\000e\000n\000c\000e\000\040\000o\000f\000\040\000d\000a\000t\000a\000\040\000r\000a\000c\000e\000s}{section.2.3}% 17
\BOOKMARK [1][-]{section.2.4}{\376\377\000V\000e\000r\000s\000i\000o\000n\000\040\0003\000:\000\040\000P\000a\000r\000a\000l\000l\000e\000l\000i\000s\000i\000n\000g\000\040\000t\000h\000e\000\040\000c\000o\000l\000u\000m\000n\000\040\000s\000c\000a\000l\000i\000n\000g}{chapter.2}% 18
\BOOKMARK [0][-]{chapter.3}{\376\377\000R\000o\000a\000d\000m\000a\000p\000\040\000o\000f\000\040\000O\000p\000t\000i\000m\000i\000s\000a\000t\000i\000o\000n\000\040\000V\000e\000r\000s\000i\000o\000n\000s}{}% 19
\BOOKMARK [0][-]{chapter.4}{\376\377\000T\000e\000s\000t\000\040\000M\000e\000t\000h\000o\000d\000o\000l\000o\000g\000y}{}% 20
\BOOKMARK [0][-]{chapter.6}{\376\377\000B\000e\000n\000c\000h\000m\000a\000r\000k\000\040\000M\000e\000t\000h\000o\000d\000o\000l\000o\000g\000y}{}% 21
\BOOKMARK [0][-]{chapter.7}{\376\377\000R\000e\000s\000u\000l\000t\000s\000\040\000a\000n\000d\000\040\000D\000i\000s\000c\000u\000s\000s\000i\000o\000n}{}% 22
\BOOKMARK [1][-]{section.7.1}{\376\377\000S\000i\000n\000g\000l\000e\000\040\000t\000h\000r\000e\000a\000d\000:\000\040\000V\0000\000\040\000V\0001\000\040\000V\0002\000\040\000V\0003}{chapter.7}% 23
\BOOKMARK [1][-]{section.7.2}{\376\377\000V\0002\000\040\000O\000p\000e\000n\000M\000P\000\040\000s\000c\000a\000l\000i\000n\000g\000\040\000\050\000i\000c\000e\000l\000a\000k\000e\000\051}{chapter.7}% 24
\BOOKMARK [1][-]{section.7.3}{\376\377\000V\0002\000\040\000O\000p\000e\000n\000M\000P\000\040\000s\000c\000a\000l\000i\000n\000g\000\040\000\050\000c\000c\000l\000a\000k\000e\000\051}{chapter.7}% 25
\BOOKMARK [1][-]{section.7.4}{\376\377\000P\000a\000r\000t\000i\000t\000i\000o\000n\000\040\000c\000o\000m\000p\000a\000r\000i\000s\000o\000n\000\040\000a\000n\000d\000\040\000b\000a\000n\000d\000w\000i\000d\000t\000h\000\040\000s\000a\000t\000u\000r\000a\000t\000i\000o\000n}{chapter.7}% 26
\BOOKMARK [1][-]{section.7.5}{\376\377\000N\000o\000n\000-\000U\000n\000i\000f\000o\000r\000m\000\040\000M\000e\000m\000o\000r\000y\000\040\000A\000c\000c\000e\000s\000s\000\040\000e\000x\000p\000e\000r\000i\000m\000e\000n\000t}{chapter.7}% 27
\BOOKMARK [1][-]{section.7.6}{\376\377\000S\000a\000m\000e\000\040\000n\000o\000d\000e\000\040\000V\0002\000\040\000v\000s\000\040\000V\0003\000\040\000c\000o\000m\000p\000a\000r\000i\000s\000o\000n}{chapter.7}% 28
\BOOKMARK [0][-]{chapter.8}{\376\377\000C\000o\000n\000c\000l\000u\000s\000i\000o\000n\000s}{}% 29
\BOOKMARK [0][-]{section*.38}{\376\377\000B\000i\000b\000l\000i\000o\000g\000r\000a\000p\000h\000y}{}% 30
\BOOKMARK [0][-]{appendix.A}{\376\377\000R\000e\000p\000o\000s\000i\000t\000o\000r\000y\000\040\000S\000t\000r\000u\000c\000t\000u\000r\000e}{}% 31
\BOOKMARK [0][-]{appendix.B}{\376\377\000T\000a\000g\000g\000e\000d\000\040\000C\000o\000m\000m\000i\000t\000s}{}% 32
\BOOKMARK [0][-]{appendix.C}{\376\377\000B\000u\000i\000l\000d\000\040\000a\000n\000d\000\040\000T\000e\000s\000t\000s}{}% 33
\BOOKMARK [0][-]{appendix.D}{\376\377\000R\000e\000p\000r\000o\000d\000u\000c\000i\000b\000i\000l\000i\000t\000y\000\040\000P\000i\000p\000e\000l\000i\000n\000e}{}% 34
